<?xml version="1.0" encoding="UTF-8"?>
<!-- Generated by org.testng.reporters.JUnitXMLReporter -->
<testsuite ignored="0" hostname="LAPTOP-DAGUG8JE" failures="0" tests="11" name="Default test" time="65.288" errors="0" timestamp="2021-10-28T03:00:05 EDT">
  <testcase classname="UseCaseTests.CreateTemplateMenuTest" name="edit_save_cancel_menu_test" time="1.154"/>
  <testcase classname="UseCaseTests.CreateNewSeriesTest" name="add_new_series_test" time="0.81"/>
  <testcase classname="UseCaseTests.CreateVideoNotificationTest" name="create_new_text_notification_test" time="0.602"/>
  <testcase classname="UseCaseTests.DasboardLoginTest" name="Login" time="1.506"/>
  <testcase classname="UseCaseTests.ViewCustomListTest" name="find_list_test" time="0.138"/>
  <testcase classname="UseCaseTests.ViewPresetListTest" name="find_and_edit_list_test" time="0.478"/>
  <testcase classname="UseCaseTests.CreateParentTemplateMenuTest" name="edit_save_cancel_menu_test" time="3.998"/>
  <testcase classname="UseCaseTests.FindAndEditAScreen" name="find_and_edit_screen_test" time="0.672"/>
  <testcase classname="UseCaseTests.CreateNewListWithRulesTest" name="create_new_list_test" time="0.48"/>
  <testcase classname="UseCaseTests.CreateNewListWithRulesTest" name="create_new_list_with_rules_test" time="3.862"/>
  <testcase classname="UseCaseTests.CreateTextNotificationTest" name="create_new_text_notification_test" time="0.588"/>
</testsuite> <!-- Default test -->
