<?xml version="1.0" encoding="UTF-8"?>
<testng-results ignored="0" total="1" passed="1" failed="0" skipped="0">
  <reporter-output>
  </reporter-output>
  <suite started-at="2021-10-26T02:41:47 EDT" name="Default suite" finished-at="2021-10-26T02:41:53 EDT" duration-ms="6244">
    <groups>
    </groups>
    <test started-at="2021-10-26T02:41:47 EDT" name="Default test" finished-at="2021-10-26T02:41:53 EDT" duration-ms="6244">
      <class name="Tests.ContentProfilesTest">
        <test-method is-config="true" signature="setup()[pri:0, instance:Tests.ContentProfilesTest@7ce3cb8e]" started-at="2021-10-26T02:41:47 EDT" name="setup" finished-at="2021-10-26T02:41:53 EDT" duration-ms="5702" status="PASS">
          <reporter-output>
          </reporter-output>
        </test-method> <!-- setup -->
        <test-method signature="edit_profile_test()[pri:0, instance:Tests.ContentProfilesTest@7ce3cb8e]" started-at="2021-10-26T02:41:53 EDT" name="edit_profile_test" finished-at="2021-10-26T02:41:53 EDT" duration-ms="518" status="PASS">
          <reporter-output>
          </reporter-output>
        </test-method> <!-- edit_profile_test -->
        <test-method is-config="true" signature="teardown()[pri:0, instance:Tests.ContentProfilesTest@7ce3cb8e]" started-at="2021-10-26T02:41:53 EDT" name="teardown" finished-at="2021-10-26T02:41:53 EDT" duration-ms="0" status="PASS">
          <reporter-output>
          </reporter-output>
        </test-method> <!-- teardown -->
      </class> <!-- Tests.ContentProfilesTest -->
    </test> <!-- Default test -->
  </suite> <!-- Default suite -->
</testng-results>
