<?xml version="1.0" encoding="UTF-8"?>
<testng-results ignored="0" total="2" passed="2" failed="0" skipped="0">
  <reporter-output>
  </reporter-output>
  <suite started-at="2021-10-17T22:21:03 EDT" name="Default suite" finished-at="2021-10-17T22:21:13 EDT" duration-ms="9977">
    <groups>
    </groups>
    <test started-at="2021-10-17T22:21:03 EDT" name="Default test" finished-at="2021-10-17T22:21:13 EDT" duration-ms="9977">
      <class name="Tests.ContentListTest">
        <test-method is-config="true" signature="setup()[pri:0, instance:Tests.ContentListTest@78b66d36]" started-at="2021-10-17T22:21:03 EDT" name="setup" finished-at="2021-10-17T22:21:07 EDT" duration-ms="3922" status="PASS">
          <reporter-output>
          </reporter-output>
        </test-method> <!-- setup -->
        <test-method signature="create_new_list_test()[pri:0, instance:Tests.ContentListTest@78b66d36]" started-at="2021-10-17T22:21:07 EDT" name="create_new_list_test" finished-at="2021-10-17T22:21:09 EDT" duration-ms="2234" status="PASS">
          <reporter-output>
          </reporter-output>
        </test-method> <!-- create_new_list_test -->
        <test-method signature="create_new_list_with_rules_test()[pri:0, instance:Tests.ContentListTest@78b66d36]" started-at="2021-10-17T22:21:09 EDT" name="create_new_list_with_rules_test" finished-at="2021-10-17T22:21:13 EDT" duration-ms="3792" status="PASS">
          <reporter-output>
          </reporter-output>
        </test-method> <!-- create_new_list_with_rules_test -->
        <test-method is-config="true" signature="teardown()[pri:0, instance:Tests.ContentListTest@78b66d36]" started-at="2021-10-17T22:21:13 EDT" name="teardown" finished-at="2021-10-17T22:21:13 EDT" duration-ms="1" status="PASS">
          <reporter-output>
          </reporter-output>
        </test-method> <!-- teardown -->
      </class> <!-- Tests.ContentListTest -->
    </test> <!-- Default test -->
  </suite> <!-- Default suite -->
</testng-results>
